Using pre-set license
Built from '2020.3/staging' branch; Version is '2020.3.20f1 (41c4e627c95f) revision 4310246'; Using compiler version '192528614'; Build Type 'Release'
OS: 'Windows 10 Home; OS build 19044.1586; Version 2009; 64bit' Language: 'en' Physical Memory: 16297 MB
BatchMode: 1, IsHumanControllingUs: 0, StartBugReporterOnCrash: 0, Is64bit: 1, IsPro: 0

COMMAND LINE ARGUMENTS:
C:\Program Files\Unity\Hub\Editor\2020.3.20f1\Editor\Unity.exe
-adb2
-batchMode
-noUpm
-name
AssetImportWorker0
-projectPath
C:/Users/marxx/Dokumenty/Desktop/Apps & Folders/Folders/Y2S2 Game Project/Star-Hunter/Star Hunter
-logFile
Logs/AssetImportWorker0.log
-srvPort
1041
Successfully changed project path to: C:/Users/marxx/Dokumenty/Desktop/Apps & Folders/Folders/Y2S2 Game Project/Star-Hunter/Star Hunter
C:/Users/marxx/Dokumenty/Desktop/Apps & Folders/Folders/Y2S2 Game Project/Star-Hunter/Star Hunter
Using Asset Import Pipeline V2.
Refreshing native plugins compatible for Editor in 39.17 ms, found 3 plugins.
Preloading 0 native plugins for Editor in 0.00 ms.
Initialize engine version: 2020.3.20f1 (41c4e627c95f)
[Subsystems] Discovering subsystems at path C:/Program Files/Unity/Hub/Editor/2020.3.20f1/Editor/Data/Resources/UnitySubsystems
[Subsystems] Discovering subsystems at path C:/Users/marxx/Dokumenty/Desktop/Apps & Folders/Folders/Y2S2 Game Project/Star-Hunter/Star Hunter/Assets
GfxDevice: creating device client; threaded=0
Direct3D:
    Version:  Direct3D 11.0 [level 11.1]
    Renderer: NVIDIA GeForce RTX 2060 (ID=0x1f15)
    Vendor:   
    VRAM:     5980 MB
    Driver:   30.0.15.1215
Initialize mono
Mono path[0] = 'C:/Program Files/Unity/Hub/Editor/2020.3.20f1/Editor/Data/Managed'
Mono path[1] = 'C:/Program Files/Unity/Hub/Editor/2020.3.20f1/Editor/Data/MonoBleedingEdge/lib/mono/unityjit'
Mono config path = 'C:/Program Files/Unity/Hub/Editor/2020.3.20f1/Editor/Data/MonoBleedingEdge/etc'
Using monoOptions --debugger-agent=transport=dt_socket,embedding=1,server=y,suspend=n,address=127.0.0.1:56876
Begin MonoManager ReloadAssembly
Registering precompiled unity dll's ...
Register platform support module: C:/Program Files/Unity/Hub/Editor/2020.3.20f1/Editor/Data/PlaybackEngines/WindowsStandaloneSupport/UnityEditor.WindowsStandalone.Extensions.dll
Registered in 0.001859 seconds.
Native extension for WindowsStandalone target not found
Refreshing native plugins compatible for Editor in 39.22 ms, found 3 plugins.
Preloading 0 native plugins for Editor in 0.00 ms.
Mono: successfully reloaded assembly
- Completed reload, in  0.988 seconds
Domain Reload Profiling:
	ReloadAssembly (988ms)
		BeginReloadAssembly (47ms)
			ExecutionOrderSort (0ms)
			DisableScriptedObjects (0ms)
			BackupInstance (0ms)
			ReleaseScriptingObjects (0ms)
			CreateAndSetChildDomain (1ms)
		EndReloadAssembly (387ms)
			LoadAssemblies (45ms)
			RebuildTransferFunctionScriptingTraits (0ms)
			SetupTypeCache (143ms)
			ReleaseScriptCaches (0ms)
			RebuildScriptCaches (27ms)
			SetupLoadedEditorAssemblies (154ms)
				LogAssemblyErrors (0ms)
				InitializePlatformSupportModulesInManaged (4ms)
				SetLoadedEditorAssemblies (0ms)
				RefreshPlugins (39ms)
				BeforeProcessingInitializeOnLoad (15ms)
				ProcessInitializeOnLoadAttributes (70ms)
				ProcessInitializeOnLoadMethodAttributes (25ms)
				AfterProcessingInitializeOnLoad (0ms)
				EditorAssembliesLoaded (0ms)
			ExecutionOrderSort2 (0ms)
			AwakeInstancesAfterBackupRestoration (0ms)
Platform modules already initialized, skipping
Registering precompiled user dll's ...
Registered in 0.003008 seconds.
Begin MonoManager ReloadAssembly
Native extension for WindowsStandalone target not found
Refreshing native plugins compatible for Editor in 38.53 ms, found 3 plugins.
Preloading 0 native plugins for Editor in 0.00 ms.
Mono: successfully reloaded assembly
- Completed reload, in  1.039 seconds
Domain Reload Profiling:
	ReloadAssembly (1040ms)
		BeginReloadAssembly (141ms)
			ExecutionOrderSort (0ms)
			DisableScriptedObjects (4ms)
			BackupInstance (0ms)
			ReleaseScriptingObjects (0ms)
			CreateAndSetChildDomain (17ms)
		EndReloadAssembly (842ms)
			LoadAssemblies (84ms)
			RebuildTransferFunctionScriptingTraits (0ms)
			SetupTypeCache (266ms)
			ReleaseScriptCaches (0ms)
			RebuildScriptCaches (44ms)
			SetupLoadedEditorAssemblies (331ms)
				LogAssemblyErrors (0ms)
				InitializePlatformSupportModulesInManaged (4ms)
				SetLoadedEditorAssemblies (0ms)
				RefreshPlugins (39ms)
				BeforeProcessingInitializeOnLoad (77ms)
				ProcessInitializeOnLoadAttributes (192ms)
				ProcessInitializeOnLoadMethodAttributes (12ms)
				AfterProcessingInitializeOnLoad (7ms)
				EditorAssembliesLoaded (0ms)
			ExecutionOrderSort2 (0ms)
			AwakeInstancesAfterBackupRestoration (6ms)
Platform modules already initialized, skipping
========================================================================
Worker process is ready to serve import requests
Launched and connected shader compiler UnityShaderCompiler.exe after 0.06 seconds
Refreshing native plugins compatible for Editor in 0.40 ms, found 3 plugins.
Preloading 0 native plugins for Editor in 0.00 ms.
Unloading 2111 Unused Serialized files (Serialized files now loaded: 0)
System memory in use before: 95.4 MB.
System memory in use after: 95.5 MB.

Unloading 25 unused Assets to reduce memory usage. Loaded Objects now: 2556.
Total: 2.813200 ms (FindLiveObjects: 0.190900 ms CreateObjectMapping: 0.089400 ms MarkObjects: 2.463300 ms  DeleteObjects: 0.067400 ms)

AssetImportParameters requested are different than current active one (requested -> active):
  custom:framework-win-MediaFoundation: 216162199b28c13a410421893ffa2e32 -> 
  custom:video-decoder-ogg-theora: a1e56fd34408186e4bbccfd4996cb3dc -> 
  custom:container-muxer-webm: aa71ff27fc2769a1b78a27578f13a17b -> 
  custom:container-demuxer-webm: 4f35f7cbe854078d1ac9338744f61a02 -> 
  custom:container-demuxer-ogg: 62fdf1f143b41e24485cea50d1cbac27 -> 
  custom:video-encoder-webm-vp8: eb34c28f22e8b96e1ab97ce403110664 -> 
  custom:video-codec-MediaFoundation-h265: 746d11721c4dcdbdad8f713fa42b33f4 -> 
  custom:video-decoder-webm-vp8: 9c59270c3fd7afecdb556c50c9e8de78 -> 
  custom:audio-decoder-ogg-vorbis: bf7c407c2cedff20999df2af8eb42d56 -> 
  custom:audio-encoder-webm-vorbis: bf7c407c2cedff20999df2af8eb42d56 -> 
========================================================================
Received Import Request.
  path: Assets/Scenes/Level 1.unity
  artifactKey: Guid(a18dd8ec5d5b5404789b5d77fa55f6e2) Importer(815301076,1909f56bfc062723c751e8b465ee728b)
Start importing Assets/Scenes/Level 1.unity using Guid(a18dd8ec5d5b5404789b5d77fa55f6e2) Importer(815301076,1909f56bfc062723c751e8b465ee728b)  -> (artifact id: '234fc5e448c47e36d1b3bd0777ce4a40') in 0.017983 seconds 
  Import took 0.020891 seconds .

========================================================================
Received Import Request.
  Time since last request: 7.634887 seconds.
  path: Assets/Scenes/Level 2.unity
  artifactKey: Guid(12c72dd623b7fb0458abc2619ffe1240) Importer(815301076,1909f56bfc062723c751e8b465ee728b)
Start importing Assets/Scenes/Level 2.unity using Guid(12c72dd623b7fb0458abc2619ffe1240) Importer(815301076,1909f56bfc062723c751e8b465ee728b)  -> (artifact id: 'cf420920cc991fea6d207974b91bc5f9') in 0.008327 seconds 
  Import took 0.011856 seconds .

========================================================================
Received Import Request.
  Time since last request: 621.445051 seconds.
  path: Assets/Scenes/Level 2.unity
  artifactKey: Guid(12c72dd623b7fb0458abc2619ffe1240) Importer(815301076,1909f56bfc062723c751e8b465ee728b)
Start importing Assets/Scenes/Level 2.unity using Guid(12c72dd623b7fb0458abc2619ffe1240) Importer(815301076,1909f56bfc062723c751e8b465ee728b)  -> (artifact id: 'd93b10ba026b6d434533c07c2d957729') in 0.003817 seconds 
  Import took 0.008210 seconds .

========================================================================
Received Prepare
Registering precompiled user dll's ...
Registered in 0.002939 seconds.
Begin MonoManager ReloadAssembly
Native extension for WindowsStandalone target not found
Refreshing native plugins compatible for Editor in 0.42 ms, found 3 plugins.
Preloading 0 native plugins for Editor in 0.00 ms.
Mono: successfully reloaded assembly
- Completed reload, in  0.969 seconds
Domain Reload Profiling:
	ReloadAssembly (970ms)
		BeginReloadAssembly (119ms)
			ExecutionOrderSort (0ms)
			DisableScriptedObjects (8ms)
			BackupInstance (0ms)
			ReleaseScriptingObjects (0ms)
			CreateAndSetChildDomain (34ms)
		EndReloadAssembly (794ms)
			LoadAssemblies (80ms)
			RebuildTransferFunctionScriptingTraits (0ms)
			SetupTypeCache (267ms)
			ReleaseScriptCaches (1ms)
			RebuildScriptCaches (39ms)
			SetupLoadedEditorAssemblies (295ms)
				LogAssemblyErrors (0ms)
				InitializePlatformSupportModulesInManaged (4ms)
				SetLoadedEditorAssemblies (0ms)
				RefreshPlugins (0ms)
				BeforeProcessingInitializeOnLoad (76ms)
				ProcessInitializeOnLoadAttributes (198ms)
				ProcessInitializeOnLoadMethodAttributes (8ms)
				AfterProcessingInitializeOnLoad (8ms)
				EditorAssembliesLoaded (0ms)
			ExecutionOrderSort2 (0ms)
			AwakeInstancesAfterBackupRestoration (13ms)
Platform modules already initialized, skipping
Refreshing native plugins compatible for Editor in 0.41 ms, found 3 plugins.
Preloading 0 native plugins for Editor in 0.00 ms.
Unloading 2100 Unused Serialized files (Serialized files now loaded: 0)
System memory in use before: 94.8 MB.
System memory in use after: 94.9 MB.

Unloading 14 unused Assets to reduce memory usage. Loaded Objects now: 2559.
Total: 2.653200 ms (FindLiveObjects: 0.194700 ms CreateObjectMapping: 0.095100 ms MarkObjects: 2.346400 ms  DeleteObjects: 0.015200 ms)

AssetImportParameters requested are different than current active one (requested -> active):
  custom:framework-win-MediaFoundation: 216162199b28c13a410421893ffa2e32 -> 
  custom:video-decoder-ogg-theora: a1e56fd34408186e4bbccfd4996cb3dc -> 
  custom:container-muxer-webm: aa71ff27fc2769a1b78a27578f13a17b -> 
  custom:container-demuxer-webm: 4f35f7cbe854078d1ac9338744f61a02 -> 
  custom:container-demuxer-ogg: 62fdf1f143b41e24485cea50d1cbac27 -> 
  custom:video-encoder-webm-vp8: eb34c28f22e8b96e1ab97ce403110664 -> 
  custom:video-codec-MediaFoundation-h265: 746d11721c4dcdbdad8f713fa42b33f4 -> 
  custom:video-decoder-webm-vp8: 9c59270c3fd7afecdb556c50c9e8de78 -> 
  custom:audio-decoder-ogg-vorbis: bf7c407c2cedff20999df2af8eb42d56 -> 
  custom:audio-encoder-webm-vorbis: bf7c407c2cedff20999df2af8eb42d56 -> 
========================================================================
Received Import Request.
  Time since last request: 1768.841666 seconds.
  path: Assets/Scenes/Level 2.unity
  artifactKey: Guid(12c72dd623b7fb0458abc2619ffe1240) Importer(815301076,1909f56bfc062723c751e8b465ee728b)
Start importing Assets/Scenes/Level 2.unity using Guid(12c72dd623b7fb0458abc2619ffe1240) Importer(815301076,1909f56bfc062723c751e8b465ee728b)  -> (artifact id: 'ec50d4b745c3b2da3a2e9259a081f7c0') in 0.015719 seconds 
  Import took 0.019486 seconds .

========================================================================
Received Import Request.
  Time since last request: 882.989284 seconds.
  path: Assets/Levels/Warp Gate.prefab
  artifactKey: Guid(9b68bbc7e62d99a4399870df1f47e814) Importer(815301076,1909f56bfc062723c751e8b465ee728b)
Start importing Assets/Levels/Warp Gate.prefab using Guid(9b68bbc7e62d99a4399870df1f47e814) Importer(815301076,1909f56bfc062723c751e8b465ee728b)  -> (artifact id: '75260823934a7eaa9b61d95359d43083') in 0.080171 seconds 
  Import took 0.083868 seconds .

========================================================================
Received Import Request.
  Time since last request: 10.279102 seconds.
  path: Assets/Scenes/Level 2.unity
  artifactKey: Guid(12c72dd623b7fb0458abc2619ffe1240) Importer(815301076,1909f56bfc062723c751e8b465ee728b)
Start importing Assets/Scenes/Level 2.unity using Guid(12c72dd623b7fb0458abc2619ffe1240) Importer(815301076,1909f56bfc062723c751e8b465ee728b)  -> (artifact id: 'dd177ffefd623e2dedc64b1f6874ee8f') in 0.003221 seconds 
  Import took 0.006243 seconds .

========================================================================
Received Import Request.
  Time since last request: 57.095223 seconds.
  path: Assets/Scenes/Level 1.unity
  artifactKey: Guid(a18dd8ec5d5b5404789b5d77fa55f6e2) Importer(815301076,1909f56bfc062723c751e8b465ee728b)
Start importing Assets/Scenes/Level 1.unity using Guid(a18dd8ec5d5b5404789b5d77fa55f6e2) Importer(815301076,1909f56bfc062723c751e8b465ee728b)  -> (artifact id: 'b2cccfc61a4fd64a1e9fbb6b4c2e9346') in 0.004250 seconds 
  Import took 0.008129 seconds .

========================================================================
Received Import Request.
  Time since last request: 18.867863 seconds.
  path: Assets/Scenes/Level 2.unity
  artifactKey: Guid(12c72dd623b7fb0458abc2619ffe1240) Importer(815301076,1909f56bfc062723c751e8b465ee728b)
Start importing Assets/Scenes/Level 2.unity using Guid(12c72dd623b7fb0458abc2619ffe1240) Importer(815301076,1909f56bfc062723c751e8b465ee728b)  -> (artifact id: 'b7d6cc9d41b66f10da908c1b78f412d2') in 0.002601 seconds 
  Import took 0.005908 seconds .

========================================================================
Received Import Request.
  Time since last request: 56.911303 seconds.
  path: Assets/Scenes/Level 2.unity
  artifactKey: Guid(12c72dd623b7fb0458abc2619ffe1240) Importer(815301076,1909f56bfc062723c751e8b465ee728b)
Start importing Assets/Scenes/Level 2.unity using Guid(12c72dd623b7fb0458abc2619ffe1240) Importer(815301076,1909f56bfc062723c751e8b465ee728b)  -> (artifact id: 'c3ae40b9ab323a596dcbe7c49d52b76d') in 0.004063 seconds 
  Import took 0.007043 seconds .

========================================================================
Received Import Request.
  Time since last request: 34.827288 seconds.
  path: Assets/Scenes/Level 2.unity
  artifactKey: Guid(12c72dd623b7fb0458abc2619ffe1240) Importer(815301076,1909f56bfc062723c751e8b465ee728b)
Start importing Assets/Scenes/Level 2.unity using Guid(12c72dd623b7fb0458abc2619ffe1240) Importer(815301076,1909f56bfc062723c751e8b465ee728b)  -> (artifact id: 'd221fd9f2a24e8d5180842c5a10f4d1c') in 0.003500 seconds 
  Import took 0.006551 seconds .

========================================================================
Received Import Request.
  Time since last request: 84.596813 seconds.
  path: Assets/Scenes/Level 2.unity
  artifactKey: Guid(12c72dd623b7fb0458abc2619ffe1240) Importer(815301076,1909f56bfc062723c751e8b465ee728b)
Start importing Assets/Scenes/Level 2.unity using Guid(12c72dd623b7fb0458abc2619ffe1240) Importer(815301076,1909f56bfc062723c751e8b465ee728b)  -> (artifact id: '6b373271a9072ef5c66fa6de4fb1d887') in 0.008096 seconds 
  Import took 0.011602 seconds .

AssetImportWorkerClient::OnTransportError - code=2 error=End of file
